2025-11-09 19:00:33,344 [INFO] Loaded 503 S&P500 tickers.
2025-11-09 19:00:33,346 [INFO] Bot started successfully.
2025-11-09 19:00:33,899 [INFO] Fetched 40 Form4 entries from SEC.
2025-11-09 19:00:34,408 [INFO] NewsData batch ok (10 total so far)
2025-11-09 19:00:36,503 [INFO] NewsData batch ok (20 total so far)
2025-11-09 19:00:38,470 [INFO] NewsData batch ok (30 total so far)
2025-11-09 19:00:40,524 [INFO] NewsData batch ok (40 total so far)
2025-11-09 19:00:42,505 [INFO] NewsData batch ok (50 total so far)
2025-11-09 19:00:44,466 [INFO] NewsData batch ok (60 total so far)
2025-11-09 19:00:46,472 [INFO] NewsData batch ok (70 total so far)
2025-11-09 19:00:48,446 [INFO] NewsData batch ok (80 total so far)
2025-11-09 19:00:50,433 [INFO] NewsData batch ok (90 total so far)
2025-11-09 19:00:52,448 [INFO] NewsData batch ok (100 total so far)
2025-11-09 19:00:54,464 [INFO] NewsData batch ok (110 total so far)
2025-11-09 19:00:56,498 [INFO] NewsData batch ok (120 total so far)
2025-11-09 19:00:58,393 [INFO] NewsData batch ok (130 total so far)
2025-11-09 19:00:59,895 [INFO] Fetched 130 total news articles from NewsData.io.
2025-11-09 19:01:00,194 [INFO] Posted news alert: Needham & Company LLC Lowers Teads (NASDAQ:TEAD) Price Target to $1.00 (MED)
2025-11-09 19:01:00,466 [INFO] Posted news alert: Piper Sandler Lowers Becton, Dickinson and Company (NYSE:BDX) Price Target to $190.00 (MED)
2025-11-09 19:01:00,701 [INFO] Posted news alert: Piper Sandler Lowers Five9 (NASDAQ:FIVN) Price Target to $26.00 (MED)
2025-11-09 19:01:01,309 [INFO] Posted news alert: Needham & Company LLC Issues Pessimistic Forecast for Microchip Technology (NASDAQ:MCHP) Stock Price (MED)
2025-11-09 19:01:01,640 [INFO] Posted news alert: Needham & Company LLC Reiterates “Buy” Rating for Synaptics (NASDAQ:SYNA) (MED)
2025-11-09 19:01:01,921 [INFO] Posted news alert: BTIG Research Lowers DraftKings (NASDAQ:DKNG) Price Target to $42.00 (MED)
2025-11-09 19:01:02,200 [INFO] Posted news alert: Stephens Issues Pessimistic Forecast for Texas Roadhouse (NASDAQ:TXRH) Stock Price (MED)
2025-11-09 19:01:02,539 [INFO] Posted news alert: Allstate (NYSE:ALL) Stock Price Expected to Rise, BMO Capital Markets Analyst Says (MED)
2025-11-09 19:01:02,755 [INFO] Posted news alert: CAE (CAE) Expected to Announce Earnings on Tuesday (MED)
2025-11-09 19:01:03,008 [INFO] Posted news alert: Today on Sky Sports Racing: Veteran Lazy Sunday back in action at Ffos Las (MED)
2025-11-09 19:01:03,373 [INFO] Posted news alert: The impactful stories recognised at WA media awards (HIGH)
2025-11-09 19:01:03,720 [INFO] Posted news alert: Strictly Come Dancing: Who Has Been Rumoured To Replace Tess Daly And Claudia Winkleman? (MED)
2025-11-09 19:01:03,932 [INFO] Posted news alert: What is Roth Capital’s Forecast for Stereotaxis Q3 Earnings? (MED)
2025-11-09 19:01:04,511 [INFO] Posted news alert: Q2 earnings in last leg: Bajaj Finance, Asian Paints, BSE, LG among 2,400 companies to announce results this week - The Economic Times (MED)
2025-11-09 19:01:04,893 [INFO] Posted news alert: Viant Technology (DSP) Projected to Post Quarterly Earnings on Monday (MED)
2025-11-09 19:01:05,238 [INFO] Posted news alert: CureVac (CVAC) Projected to Post Earnings on Tuesday (MED)
2025-11-09 19:01:05,522 [INFO] Posted news alert: Williams Companies (NYSE:WMB) Price Target Raised to $70.00 (MED)
2025-11-09 19:01:06,008 [INFO] Posted news alert: Moderna (NASDAQ:MRNA) Reaches New 12-Month Low After Analyst Downgrade (HIGH)
2025-11-09 19:01:06,346 [INFO] Posted news alert: MP Materials (NYSE:MP) Trading 12.8% Higher Following Better-Than-Expected Earnings (MED)
2025-11-09 19:01:06,600 [INFO] Posted news alert: Wall Street Zen Downgrades MYR Group (NASDAQ:MYRG) to Buy (HIGH)
2025-11-09 19:01:07,099 [INFO] Posted news alert: MYR Group (NASDAQ:MYRG) Downgraded by Wall Street Zen to “Buy” (HIGH)
2025-11-09 19:01:07,338 [INFO] Posted news alert: Arcturus Therapeutics (ARCT) to Release Quarterly Earnings on Monday (MED)
2025-11-09 19:01:07,613 [INFO] Posted news alert: Israel receives body of a hostage in Gaza that Hamas claims is Israeli soldier Hadar Goldin (HIGH)
2025-11-09 19:01:07,859 [INFO] Posted news alert: QUALCOMM (NASDAQ:QCOM) Price Target Raised to $200.00 (MED)
2025-11-09 19:01:08,007 [ERROR] Discord error 429: {"message": "You are being rate limited.", "retry_after": 0.3, "global": false}
2025-11-09 19:01:08,008 [INFO] Posted news alert: Cencora (NYSE:COR) Price Target Raised to $380.00 (HIGH)
2025-11-09 19:01:08,261 [INFO] Posted news alert: EVI Industries (EVI) Projected to Post Quarterly Earnings on Tuesday (MED)
2025-11-09 19:01:08,414 [ERROR] Discord error 429: {"message": "You are being rate limited.", "retry_after": 0.3, "global": false}
2025-11-09 19:01:08,416 [INFO] Posted news alert: Today on Sky Sports Racing: Veteran Lazy Sunday back in action at Ffos Las (MED)
2025-11-09 19:01:08,679 [INFO] Posted news alert: BMO Capital Markets Boosts Datadog (NASDAQ:DDOG) Price Target to $215.00 (MED)
2025-11-09 19:01:08,836 [ERROR] Discord error 429: {"message": "You are being rate limited.", "retry_after": 0.3, "global": false}
2025-11-09 19:01:08,837 [INFO] Posted news alert: Benchmark Forecasts Strong Price Appreciation for MACOM Technology Solutions (NASDAQ:MTSI) Stock (MED)
